[2024-12-05T12:40:41.807052-05:00] conexion_log.INFO: Conexión exitosa a la base de datos {"host":"localhost","database":"ncrypt_db"} []
[2024-12-05T12:40:41.808711-05:00] conexion_log.DEBUG: Ejecutando consulta {"query":"SELECT id, nombre, descripcion, precio, descuento, stock, imagen_url FROM productos"} []
[2024-12-05T12:40:41.809050-05:00] conexion_log.DEBUG: Consulta ejecutada con éxito {"num_results":5} []
[2024-12-05T12:40:41.809169-05:00] conexion_log.INFO: Conexión cerrada con éxito [] []
[2024-12-05T12:41:03.713834-05:00] conexion_log.INFO: Conexión exitosa a la base de datos {"host":"localhost","database":"ncrypt_db"} []
[2024-12-05T12:41:03.715476-05:00] conexion_log.INFO: Perfil cargado exitosamente {"user_id":6,"nombre":"Jeferson Aguilar 12","correo":"jefersoncrack21@gmail.com"} []
[2024-12-05T12:41:03.715947-05:00] conexion_log.INFO: Conexión cerrada con éxito [] []
[2024-12-05T12:41:07.006085-05:00] conexion_log.INFO: Conexión exitosa a la base de datos {"host":"localhost","database":"ncrypt_db"} []
[2024-12-05T12:41:07.009274-05:00] conexion_log.INFO: Conexión cerrada con éxito [] []
[2024-12-05T12:41:07.016844-05:00] conexion_log.INFO: Conexión exitosa a la base de datos {"host":"localhost","database":"ncrypt_db"} []
[2024-12-05T12:41:07.018193-05:00] conexion_log.INFO: Perfil cargado exitosamente {"user_id":6,"nombre":"Jeferson Aguilar 123","correo":"jefersoncrack21@gmail.com"} []
[2024-12-05T12:41:07.018275-05:00] conexion_log.INFO: Conexión cerrada con éxito [] []
[2024-12-05T13:52:00.640825-05:00] conexion_log.INFO: Conexión exitosa a la base de datos {"host":"localhost","database":"ncrypt_db"} []
[2024-12-05T13:52:00.643455-05:00] conexion_log.DEBUG: Ejecutando consulta {"query":"SELECT id, nombre, descripcion, precio, descuento, stock, imagen_url FROM productos"} []
[2024-12-05T13:52:00.644194-05:00] conexion_log.DEBUG: Consulta ejecutada con éxito {"num_results":5} []
[2024-12-05T13:52:00.644383-05:00] conexion_log.INFO: Conexión cerrada con éxito [] []
[2024-12-05T13:53:01.709178-05:00] conexion_log.INFO: Conexión exitosa a la base de datos {"host":"localhost","database":"ncrypt_db"} []
[2024-12-05T13:53:01.710970-05:00] conexion_log.DEBUG: Ejecutando consulta {"query":"SELECT id, nombre, descripcion, precio, descuento, stock, imagen_url FROM productos"} []
[2024-12-05T13:53:01.711326-05:00] conexion_log.DEBUG: Consulta ejecutada con éxito {"num_results":5} []
[2024-12-05T13:53:01.711530-05:00] conexion_log.INFO: Conexión cerrada con éxito [] []
[2024-12-05T13:53:04.172694-05:00] conexion_log.INFO: Conexión exitosa a la base de datos {"host":"localhost","database":"ncrypt_db"} []
[2024-12-05T13:53:04.174038-05:00] conexion_log.DEBUG: Ejecutando consulta {"query":"SELECT id, nombre, descripcion, precio, descuento, stock, imagen_url FROM productos"} []
[2024-12-05T13:53:04.174301-05:00] conexion_log.DEBUG: Consulta ejecutada con éxito {"num_results":5} []
[2024-12-05T13:53:04.174398-05:00] conexion_log.INFO: Conexión cerrada con éxito [] []
[2024-12-05T13:54:45.712532-05:00] conexion_log.INFO: Conexión exitosa a la base de datos {"host":"localhost","database":"ncrypt_db"} []
[2024-12-05T13:54:45.713874-05:00] conexion_log.DEBUG: Ejecutando consulta {"query":"SELECT id, nombre, descripcion, precio, descuento, stock, imagen_url FROM productos"} []
[2024-12-05T13:54:45.714128-05:00] conexion_log.DEBUG: Consulta ejecutada con éxito {"num_results":5} []
[2024-12-05T13:54:45.714220-05:00] conexion_log.INFO: Conexión cerrada con éxito [] []
[2024-12-05T13:54:47.642613-05:00] conexion_log.INFO: Conexión exitosa a la base de datos {"host":"localhost","database":"ncrypt_db"} []
[2024-12-05T13:54:47.643868-05:00] conexion_log.DEBUG: Ejecutando consulta {"query":"SELECT id, nombre, descripcion, precio, descuento, stock, imagen_url FROM productos"} []
[2024-12-05T13:54:47.644092-05:00] conexion_log.DEBUG: Consulta ejecutada con éxito {"num_results":5} []
[2024-12-05T13:54:47.644202-05:00] conexion_log.INFO: Conexión cerrada con éxito [] []
[2024-12-05T13:58:26.496238-05:00] conexion_log.INFO: Conexión exitosa a la base de datos {"host":"localhost","database":"ncrypt_db"} []
[2024-12-05T13:58:26.497844-05:00] conexion_log.DEBUG: Ejecutando consulta {"query":"SELECT id, nombre, descripcion, precio, descuento, stock, imagen_url FROM productos"} []
[2024-12-05T13:58:26.498138-05:00] conexion_log.DEBUG: Consulta ejecutada con éxito {"num_results":5} []
[2024-12-05T13:58:26.498228-05:00] conexion_log.INFO: Conexión cerrada con éxito [] []
[2024-12-05T13:58:29.203390-05:00] conexion_log.INFO: Conexión exitosa a la base de datos {"host":"localhost","database":"ncrypt_db"} []
[2024-12-05T13:58:29.204799-05:00] conexion_log.DEBUG: Ejecutando consulta {"query":"SELECT id, nombre, descripcion, precio, descuento, stock, imagen_url FROM productos"} []
[2024-12-05T13:58:29.205104-05:00] conexion_log.DEBUG: Consulta ejecutada con éxito {"num_results":5} []
[2024-12-05T13:58:29.205235-05:00] conexion_log.INFO: Conexión cerrada con éxito [] []
[2024-12-05T13:59:45.819998-05:00] conexion_log.INFO: Conexión exitosa a la base de datos {"host":"localhost","database":"ncrypt_db"} []
[2024-12-05T13:59:45.821665-05:00] conexion_log.DEBUG: Ejecutando consulta {"query":"SELECT id, nombre, descripcion, precio, descuento, stock, imagen_url FROM productos"} []
[2024-12-05T13:59:45.821946-05:00] conexion_log.DEBUG: Consulta ejecutada con éxito {"num_results":5} []
[2024-12-05T13:59:45.822068-05:00] conexion_log.INFO: Conexión cerrada con éxito [] []
[2024-12-05T13:59:47.826800-05:00] conexion_log.INFO: Conexión exitosa a la base de datos {"host":"localhost","database":"ncrypt_db"} []
[2024-12-05T13:59:47.828574-05:00] conexion_log.INFO: Perfil cargado exitosamente {"user_id":6,"nombre":"Jeferson Aguilar 123","correo":"jefersoncrack21@gmail.com"} []
[2024-12-05T13:59:47.828664-05:00] conexion_log.INFO: Conexión cerrada con éxito [] []
[2024-12-05T13:59:49.127447-05:00] conexion_log.INFO: Conexión exitosa a la base de datos {"host":"localhost","database":"ncrypt_db"} []
[2024-12-05T13:59:49.128932-05:00] conexion_log.DEBUG: Ejecutando consulta {"query":"SELECT id, nombre, descripcion, precio, descuento, stock, imagen_url FROM productos"} []
[2024-12-05T13:59:49.129190-05:00] conexion_log.DEBUG: Consulta ejecutada con éxito {"num_results":5} []
[2024-12-05T13:59:49.129268-05:00] conexion_log.INFO: Conexión cerrada con éxito [] []
[2024-12-05T14:02:31.363651-05:00] conexion_log.INFO: Conexión exitosa a la base de datos {"host":"localhost","database":"ncrypt_db"} []
[2024-12-05T14:02:31.364961-05:00] conexion_log.DEBUG: Ejecutando consulta {"query":"SELECT id, nombre, descripcion, precio, descuento, stock, imagen_url FROM productos"} []
[2024-12-05T14:02:31.365191-05:00] conexion_log.DEBUG: Consulta ejecutada con éxito {"num_results":5} []
[2024-12-05T14:02:31.365259-05:00] conexion_log.INFO: Conexión cerrada con éxito [] []
[2024-12-05T14:02:56.224646-05:00] conexion_log.INFO: Conexión exitosa a la base de datos {"host":"localhost","database":"ncrypt_db"} []
[2024-12-05T14:02:56.225991-05:00] conexion_log.DEBUG: Ejecutando consulta {"query":"SELECT id, nombre, descripcion, precio, descuento, stock, imagen_url FROM productos"} []
[2024-12-05T14:02:56.226291-05:00] conexion_log.DEBUG: Consulta ejecutada con éxito {"num_results":5} []
[2024-12-05T14:02:56.226379-05:00] conexion_log.INFO: Conexión cerrada con éxito [] []
[2024-12-05T14:06:22.218100-05:00] conexion_log.INFO: Conexión exitosa a la base de datos {"host":"localhost","database":"ncrypt_db"} []
[2024-12-05T14:06:22.219540-05:00] conexion_log.DEBUG: Ejecutando consulta {"query":"SELECT * FROM usuarios WHERE correo = 'jefersoncrack21@gmail.com'"} []
[2024-12-05T14:06:22.219837-05:00] conexion_log.DEBUG: Consulta ejecutada con éxito {"num_results":1} []
[2024-12-05T14:06:22.220543-05:00] conexion_log.DEBUG: Ejecutando operación SQL {"query":"UPDATE usuarios SET token_recuperacion = '60576ea709aca78af9d2b0ddf83c67509cc17f2d90fad143e528c4eddb485dfd', token_expiracion = '2024-12-05 15:06:22' WHERE correo = 'jefersoncrack21@gmail.com'"} []
[2024-12-05T14:06:22.222375-05:00] conexion_log.DEBUG: Operación SQL ejecutada con éxito [] []
[2024-12-05T14:06:25.012631-05:00] conexion_log.INFO: Conexión cerrada con éxito [] []
[2024-12-05T14:06:39.903778-05:00] conexion_log.INFO: Conexión exitosa a la base de datos {"host":"localhost","database":"ncrypt_db"} []
[2024-12-05T14:06:39.904947-05:00] conexion_log.DEBUG: Ejecutando consulta {"query":"SELECT * FROM usuarios WHERE token_recuperacion = '60576ea709aca78af9d2b0ddf83c67509cc17f2d90fad143e528c4eddb485dfd' AND token_expiracion > NOW()"} []
[2024-12-05T14:06:39.905281-05:00] conexion_log.DEBUG: Consulta ejecutada con éxito {"num_results":1} []
[2024-12-05T14:06:39.905320-05:00] conexion_log.DEBUG: Ejecutando operación SQL {"query":"UPDATE usuarios SET contrasena = '$2y$10$lhDP5SjkqJHeLp0zPRb6c.tSP8PXkKFgHctnin7sBC2IGGZcFrJ22', token_recuperacion = NULL, token_expiracion = NULL WHERE id = 6"} []
[2024-12-05T14:06:39.906616-05:00] conexion_log.DEBUG: Operación SQL ejecutada con éxito [] []
[2024-12-05T14:06:39.906696-05:00] conexion_log.INFO: Conexión cerrada con éxito [] []
[2024-12-05T14:09:02.651992-05:00] conexion_log.INFO: Conexión exitosa a la base de datos {"host":"localhost","database":"ncrypt_db"} []
[2024-12-05T14:09:02.653426-05:00] conexion_log.DEBUG: Ejecutando consulta {"query":"SELECT id, nombre, descripcion, precio, descuento, stock, imagen_url FROM productos"} []
[2024-12-05T14:09:02.653732-05:00] conexion_log.DEBUG: Consulta ejecutada con éxito {"num_results":5} []
[2024-12-05T14:09:02.653821-05:00] conexion_log.INFO: Conexión cerrada con éxito [] []
[2024-12-05T14:09:05.031542-05:00] conexion_log.INFO: Conexión exitosa a la base de datos {"host":"localhost","database":"ncrypt_db"} []
[2024-12-05T14:09:05.032935-05:00] conexion_log.INFO: Perfil cargado exitosamente {"user_id":6,"nombre":"Jeferson Aguilar 123","correo":"jefersoncrack21@gmail.com"} []
[2024-12-05T14:09:05.033027-05:00] conexion_log.INFO: Conexión cerrada con éxito [] []
